
Showing logs for build [32mcb-kubecd-bdd-gh-1583261076-pr-6nq4r-1[0m stage [32mfrom-build-pack[0m and container [32mstep-credential-initializer-5txhk[0m
{"level":"warn","ts":1583262658.71536,"logger":"fallback-logger","caller":"logging/config.go:69","msg":"Fetch GitHub commit ID from kodata failed: \"ref: refs/heads/0.8.0-**-support-backwards-incompats\" is not a valid GitHub commit ID"}
{"level":"info","ts":1583262658.7158895,"logger":"fallback-logger","caller":"creds-init/main.go:40","msg":"Credentials initialized."}

Showing logs for build [32mcb-kubecd-bdd-gh-1583261076-pr-6nq4r-1[0m stage [32mfrom-build-pack[0m and container [32mstep-working-dir-initializer-jws57[0m
{"level":"warn","ts":1583262660.1502798,"logger":"fallback-logger","caller":"logging/config.go:69","msg":"Fetch GitHub commit ID from kodata failed: open /var/run/ko/HEAD: no such file or directory"}
{"level":"info","ts":1583262660.1532285,"logger":"fallback-logger","caller":"bash/main.go:64","msg":"Successfully executed command \"sh -c mkdir -p /workspace/source\"; output "}

Showing logs for build [32mcb-kubecd-bdd-gh-1583261076-pr-6nq4r-1[0m stage [32mfrom-build-pack[0m and container [32mstep-place-tools[0m

Showing logs for build [32mcb-kubecd-bdd-gh-1583261076-pr-6nq4r-1[0m stage [32mfrom-build-pack[0m and container [32mstep-git-source-cb-kubecd-bdd-gh-1583261076-pr-6nq4r-k4k5f[0m
{"level":"warn","ts":1583262667.4004786,"logger":"fallback-logger","caller":"logging/config.go:69","msg":"Fetch GitHub commit ID from kodata failed: \"ref: refs/heads/0.8.0-**-support-backwards-incompats\" is not a valid GitHub commit ID"}
{"level":"info","ts":1583262668.4478354,"logger":"fallback-logger","caller":"git/git.go:103","msg":"Successfully cloned https://github.com/cb-kubecd/bdd-gh-1583261076.git @ master in path /workspace/source"}

Showing logs for build [32mcb-kubecd-bdd-gh-1583261076-pr-6nq4r-1[0m stage [32mfrom-build-pack[0m and container [32mstep-git-merge[0m
Using SHAs from PULL_REFS=master:d10cc7694c34373ac36d97481317629bdb85a3cc,1:ce632a808f5592b60ef939371baad8cd394b3063
DEBUG: LC_ALL=C JX_LOG_LEVEL=error git fetch origin --unshallow ce632a808f5592b60ef939371baad8cd394b3063: d10cc7694c34373ac36d97481317629bdb85a3cc:
DEBUG: ran git fetch --unshallow origin ce632a808f5592b60ef939371baad8cd394b3063: d10cc7694c34373ac36d97481317629bdb85a3cc: in 
DEBUG: LC_ALL=C JX_LOG_LEVEL=error git branch
DEBUG: LC_ALL=C JX_LOG_LEVEL=error git checkout master
DEBUG: ran git checkout master in 
DEBUG: LC_ALL=C JX_LOG_LEVEL=error git reset --hard d10cc7694c34373ac36d97481317629bdb85a3cc
DEBUG: ran git reset --hard d10cc7694c34373ac36d97481317629bdb85a3cc in 
DEBUG: LC_ALL=C JX_LOG_LEVEL=error git clean -fd .
DEBUG: ran clean --force -d . in 
DEBUG: LC_ALL=C JX_LOG_LEVEL=error git merge ce632a808f5592b60ef939371baad8cd394b3063
DEBUG: ran git merge ce632a808f5592b60ef939371baad8cd394b3063 in 
DEBUG: LC_ALL=C JX_LOG_LEVEL=error git log --format=%H%x1f%an%x1f%ae%x1f%cn%x1f%ce%x1f%s%n%b%x1e d10cc7694c34373ac36d97481317629bdb85a3cc..HEAD
Merged SHA ce632a808f5592b60ef939371baad8cd394b3063 with commit message 'My first PR commit' into base branch master

Showing logs for build [32mcb-kubecd-bdd-gh-1583261076-pr-6nq4r-1[0m stage [32mfrom-build-pack[0m and container [32mstep-build-make-linux[0m
CGO_ENABLED=0 GOOS=linux GOARCH=amd64 GO15VENDOREXPERIMENT=1 go build -ldflags '' -o bin/bdd-gh-1583261076 main.go

Showing logs for build [32mcb-kubecd-bdd-gh-1583261076-pr-6nq4r-1[0m stage [32mfrom-build-pack[0m and container [32mstep-build-container-build[0m
[36mINFO[0m[0000] No base image, nothing to extract            
[36mINFO[0m[0000] cmd: EXPOSE                                  
[36mINFO[0m[0000] Adding exposed port: 8080/tcp                
[36mINFO[0m[0000] Using files from context: [/workspace/source/bin] 
[36mINFO[0m[0000] Skipping unpacking as no commands require it. 
[36mINFO[0m[0000] Taking snapshot of full filesystem...        
[36mINFO[0m[0000] EXPOSE 8080                                  
[36mINFO[0m[0000] cmd: EXPOSE                                  
[36mINFO[0m[0000] Adding exposed port: 8080/tcp                
[36mINFO[0m[0000] No files changed in this command, skipping snapshotting. 
[36mINFO[0m[0000] ENTRYPOINT ["/bdd-gh-1583261076"]            
[36mINFO[0m[0000] No files changed in this command, skipping snapshotting. 
[36mINFO[0m[0000] Using files from context: [/workspace/source/bin] 
[36mINFO[0m[0000] COPY ./bin/ /                                
[36mINFO[0m[0000] Taking snapshot of files...                  
2020/03/03 19:11:25 pushed blob: sha256:fba7c5c1f221c89530df230a868432a039ec17439a15d0d83fa6aefeb33d9821
2020/03/03 19:11:25 pushed blob: sha256:dc1503e2588d6c60c1c9a7b95ccd3474763fd9e5f2ffdd8322e9e6dc2d1b1715
2020/03/03 19:11:27 gcr.io/jenkins-x-bdd3/bdd-gh-1583261076:0.0.0-SNAPSHOT-PR-1-1: digest: sha256:09f91ca47692ea1e84c9827163f6188c4d9ae99b24d24263092e9fc3fe661b0b size: 428

Showing logs for build [32mcb-kubecd-bdd-gh-1583261076-pr-6nq4r-1[0m stage [32mfrom-build-pack[0m and container [32mstep-postbuild-post-build[0m
no CVE provider running in the current ** namespace so skip adding image to be analysed

Showing logs for build [32mcb-kubecd-bdd-gh-1583261076-pr-6nq4r-1[0m stage [32mfrom-build-pack[0m and container [32mstep-promote-make-preview[0m
sed -i -e "s/version:.*/version: 0.0.0-SNAPSHOT-PR-1-1/" Chart.yaml
sed -i -e "s/version:.*/version: 0.0.0-SNAPSHOT-PR-1-1/" ../*/Chart.yaml
sed -i -e "s|repository:.*|repository: gcr.io\/jenkins-x-bdd3\/bdd-gh-1583261076|" values.yaml
sed -i -e "s/tag:.*/tag: 0.0.0-SNAPSHOT-PR-1-1/" values.yaml
echo "  version: 0.0.0-SNAPSHOT-PR-1-1" >> requirements.yaml
** step helm build
WARNING: No $CHART_REPOSITORY defined so using the default value of: http://jenkins-x-chartmuseum:8080
Adding missing Helm repo: storage.googleapis.com https://storage.googleapis.com/chartmuseum.jenkins-x.io
WARNING: No secrets found on "helm/repos" due: reading the secret "helm/repos" from vault: no secret "helm/repos" not found in vault
Read credentials for https://storage.googleapis.com/chartmuseum.jenkins-x.io from vault helm/repos
Successfully added Helm repository storage.googleapis.com.
Adding missing Helm repo: jenkins-x-chartmuseum http://jenkins-x-chartmuseum:8080
WARNING: No secrets found on "helm/repos" due: reading the secret "helm/repos" from vault: no secret "helm/repos" not found in vault
Read credentials for http://jenkins-x-chartmuseum:8080 from vault helm/repos
Successfully added Helm repository jenkins-x-chartmuseum.
WARNING: No $CHART_REPOSITORY defined so using the default value of: http://jenkins-x-chartmuseum:8080
Adding missing Helm repo: chartmuseum.jenkins-x.io http://chartmuseum.jenkins-x.io
WARNING: No secrets found on "helm/repos" due: reading the secret "helm/repos" from vault: no secret "helm/repos" not found in vault
Read credentials for http://chartmuseum.jenkins-x.io from vault helm/repos
Successfully added Helm repository chartmuseum.jenkins-x.io.

Showing logs for build [32mcb-kubecd-bdd-gh-1583261076-pr-6nq4r-1[0m stage [32mfrom-build-pack[0m and container [32mstep-promote-jx-preview[0m
Creating a preview
Created environment cb-kubecd-bdd-gh-1583261076-pr-1
Namespace **-cb-kubecd-bdd-gh-1583261076-pr-1 created 
expose:
  Annotations:
    helm.sh/hook: post-install,post-upgrade
    helm.sh/hook-delete-policy: hook-succeeded
  config:
    domain: 146.148.116.55.nip.io
    exposer: Ingress
    http: "true"
preview:
  image:
    repository: gcr.io/jenkins-x-bdd3/bdd-gh-1583261076
    tag: 0.0.0-SNAPSHOT-PR-1-1

Updating PipelineActivities cb-kubecd-bdd-gh-1583261076-pr-1-1 which has status Running
WARNING: preview application http://bdd-gh-1583261076.**-cb-kubecd-bdd-gh-1583261076-pr-1.146.148.116.55.nip.io not available, error was 503 503 Service Temporarily Unavailable, delaying for: 526.26515ms
WARNING: preview application http://bdd-gh-1583261076.**-cb-kubecd-bdd-gh-1583261076-pr-1.146.148.116.55.nip.io not available, error was 503 503 Service Temporarily Unavailable, delaying for: 1.712676436s
Preview application is now available at: http://bdd-gh-1583261076.**-cb-kubecd-bdd-gh-1583261076-pr-1.146.148.116.55.nip.io
